\BOOKMARK [0][-]{Doc-Start}{ 摘 要}{}% 1
\BOOKMARK [0][-]{Doc-Start}{\040ABSTRACT}{}% 2
\BOOKMARK [0][-]{chapter*.4}{符号列表}{}% 3
\BOOKMARK [0][-]{chapter.1}{绪论}{}% 4
\BOOKMARK [1][-]{section.1.1}{本模板的意义}{chapter.1}% 5
\BOOKMARK [2][-]{subsection.1.1.1}{现有的学位论文模板的不足}{section.1.1}% 6
\BOOKMARK [2][-]{subsection.1.1.2}{LaTeX的特性}{section.1.1}% 7
\BOOKMARK [2][-]{subsection.1.1.3}{采用LaTeX学位论文模板的意义}{section.1.1}% 8
\BOOKMARK [1][-]{section.1.2}{（1.2 题目）}{chapter.1}% 9
\BOOKMARK [1][-]{section.1.3}{（1.3 题目）}{chapter.1}% 10
\BOOKMARK [2][-]{subsection.1.3.1}{（1.3.1 题目）}{section.1.3}% 11
\BOOKMARK [2][-]{subsection.1.3.2}{（1.3.2 题目）}{section.1.3}% 12
\BOOKMARK [0][-]{chapter.2}{论文正文}{}% 13
\BOOKMARK [1][-]{section.2.1}{字体段落}{chapter.2}% 14
\BOOKMARK [1][-]{section.2.2}{表格明细}{chapter.2}% 15
\BOOKMARK [2][-]{subsection.2.2.1}{基本表格}{section.2.2}% 16
\BOOKMARK [2][-]{subsection.2.2.2}{复杂表格}{section.2.2}% 17
\BOOKMARK [2][-]{subsection.2.2.3}{子表格与跨页表格}{section.2.2}% 18
\BOOKMARK [2][-]{subsection.2.2.4}{其它}{section.2.2}% 19
\BOOKMARK [1][-]{section.2.3}{绘图插图}{chapter.2}% 20
\BOOKMARK [2][-]{subsection.2.3.1}{插图}{section.2.3}% 21
\BOOKMARK [1][-]{section.2.4}{公式定理}{chapter.2}% 22
\BOOKMARK [2][-]{subsection.2.4.1}{非回路故障的推理算法}{section.2.4}% 23
\BOOKMARK [1][-]{section.2.5}{参考文献}{chapter.2}% 24
\BOOKMARK [1][-]{section.2.6}{代码高亮}{chapter.2}% 25
\BOOKMARK [1][-]{section.2.7}{中文习惯}{chapter.2}% 26
\BOOKMARK [0][-]{chapter.3}{结论}{}% 27
\BOOKMARK [0][-]{chapter*.19}{参考文献}{}% 28
\BOOKMARK [0][-]{appendix.A}{外文资料原文}{}% 29
\BOOKMARK [1][-]{section.A.1}{First\040Principles}{appendix.A}% 30
\BOOKMARK [2][-]{subsection.A.1.1}{Typography\040exists\040to\040honor\040content.}{section.A.1}% 31
\BOOKMARK [2][-]{subsection.A.1.2}{Letters\040have\040a\040life\040and\040dignity\040of\040their\040own.}{section.A.1}% 32
\BOOKMARK [0][-]{appendix.B}{其它附录}{}% 33
\BOOKMARK [0][-]{appendix*.22}{致 谢}{}% 34
\BOOKMARK [0][-]{appendix*.23}{作者攻读学位期间发表的学术论文目录}{}% 35
